2022-12-18T18:00:00.696+09:00  INFO 13032 --- [restartedMain] my.spring.chapter3.Chapter3Application   : Starting Chapter3Application using Java 17.0.2 with PID 13032 (C:\Users\higod\Downloads\RxAndroid-3.x\board-spring-boot-stater\Chapter3\target\classes started by higod in C:\Users\higod\Downloads\RxAndroid-3.x\board-spring-boot-stater\Chapter3)
2022-12-18T18:00:00.700+09:00 DEBUG 13032 --- [restartedMain] my.spring.chapter3.Chapter3Application   : Running with Spring Boot v3.0.0, Spring v6.0.2
2022-12-18T18:00:00.701+09:00  INFO 13032 --- [restartedMain] my.spring.chapter3.Chapter3Application   : No active profile set, falling back to 1 default profile: "default"
2022-12-18T18:00:00.765+09:00  INFO 13032 --- [restartedMain] .e.DevToolsPropertyDefaultsPostProcessor : Devtools property defaults active! Set 'spring.devtools.add-properties' to 'false' to disable
2022-12-18T18:00:00.766+09:00  INFO 13032 --- [restartedMain] .e.DevToolsPropertyDefaultsPostProcessor : For additional web related logging consider setting the 'logging.level.web' property to 'DEBUG'
2022-12-18T18:00:01.586+09:00  INFO 13032 --- [restartedMain] o.s.b.w.embedded.tomcat.TomcatWebServer  : Tomcat initialized with port(s): 7000 (http)
2022-12-18T18:00:01.595+09:00  INFO 13032 --- [restartedMain] o.apache.catalina.core.StandardService   : Starting service [Tomcat]
2022-12-18T18:00:01.595+09:00  INFO 13032 --- [restartedMain] o.apache.catalina.core.StandardEngine    : Starting Servlet engine: [Apache Tomcat/10.1.1]
2022-12-18T18:00:01.649+09:00  INFO 13032 --- [restartedMain] o.a.c.c.C.[Tomcat].[localhost].[/]       : Initializing Spring embedded WebApplicationContext
2022-12-18T18:00:01.650+09:00  INFO 13032 --- [restartedMain] w.s.c.ServletWebServerApplicationContext : Root WebApplicationContext: initialization completed in 883 ms
2022-12-18T18:00:02.002+09:00  INFO 13032 --- [restartedMain] o.s.b.d.a.OptionalLiveReloadServer       : LiveReload server is running on port 35729
2022-12-18T18:00:02.034+09:00  INFO 13032 --- [restartedMain] o.s.b.w.embedded.tomcat.TomcatWebServer  : Tomcat started on port(s): 7000 (http) with context path ''
2022-12-18T18:00:02.042+09:00  INFO 13032 --- [restartedMain] my.spring.chapter3.Chapter3Application   : Started Chapter3Application in 1.929 seconds (process running for 2.636)
2022-12-18T18:00:02.043+09:00 TRACE 13032 --- [restartedMain] my.spring.chapter3.LoggingRunner         : TRACE  로그메세지
2022-12-18T18:00:02.043+09:00 DEBUG 13032 --- [restartedMain] my.spring.chapter3.LoggingRunner         : DEBUG  로그메세지
2022-12-18T18:00:02.043+09:00  INFO 13032 --- [restartedMain] my.spring.chapter3.LoggingRunner         : INFO  로그메세지
2022-12-18T18:00:02.044+09:00  WARN 13032 --- [restartedMain] my.spring.chapter3.LoggingRunner         : WARN  로그메세지
2022-12-18T18:00:02.044+09:00 ERROR 13032 --- [restartedMain] my.spring.chapter3.LoggingRunner         : ERROR  로그메세지
2022-12-18T18:08:49.568+09:00  INFO 13032 --- [http-nio-7000-exec-1] o.a.c.c.C.[Tomcat].[localhost].[/]       : Initializing Spring DispatcherServlet 'dispatcherServlet'
2022-12-18T18:08:49.568+09:00  INFO 13032 --- [http-nio-7000-exec-1] o.s.web.servlet.DispatcherServlet        : Initializing Servlet 'dispatcherServlet'
2022-12-18T18:08:49.569+09:00  INFO 13032 --- [http-nio-7000-exec-1] o.s.web.servlet.DispatcherServlet        : Completed initialization in 0 ms
